2021-07-26 01:27:18.756  WARN 9399 --- [HikariPool-1 housekeeper] com.zaxxer.hikari.pool.HikariPool        : HikariPool-1 - Thread starvation or clock leap detected (housekeeper delta=1h42m50s220ms).
2021-07-26 02:47:37.204  WARN 9399 --- [HikariPool-1 housekeeper] com.zaxxer.hikari.pool.HikariPool        : HikariPool-1 - Thread starvation or clock leap detected (housekeeper delta=1h20m18s448ms).
2021-07-26 04:23:19.265  WARN 9399 --- [HikariPool-1 housekeeper] com.zaxxer.hikari.pool.HikariPool        : HikariPool-1 - Thread starvation or clock leap detected (housekeeper delta=1h35m42s61ms).
2021-07-26 05:14:49.483  WARN 9399 --- [HikariPool-1 housekeeper] com.zaxxer.hikari.pool.HikariPool        : HikariPool-1 - Thread starvation or clock leap detected (housekeeper delta=51m30s218ms).
2021-07-26 06:38:46.617  WARN 9399 --- [HikariPool-1 housekeeper] com.zaxxer.hikari.pool.HikariPool        : HikariPool-1 - Thread starvation or clock leap detected (housekeeper delta=1h23m57s134ms).
2021-07-26 07:55:00.077  WARN 9399 --- [HikariPool-1 housekeeper] com.zaxxer.hikari.pool.HikariPool        : HikariPool-1 - Thread starvation or clock leap detected (housekeeper delta=1h16m13s460ms).
2021-07-26 07:57:27.054  WARN 9399 --- [HikariPool-1 housekeeper] com.zaxxer.hikari.pool.HikariPool        : HikariPool-1 - Thread starvation or clock leap detected (housekeeper delta=1m56s977ms).
2021-07-26 08:55:30.780  WARN 9399 --- [HikariPool-1 housekeeper] com.zaxxer.hikari.pool.HikariPool        : HikariPool-1 - Thread starvation or clock leap detected (housekeeper delta=58m3s726ms).
2021-07-26 09:12:48.584  WARN 9399 --- [HikariPool-1 housekeeper] com.zaxxer.hikari.pool.HikariPool        : HikariPool-1 - Thread starvation or clock leap detected (housekeeper delta=17m17s804ms).
2021-07-26 09:58:41.311  WARN 9399 --- [HikariPool-1 housekeeper] com.zaxxer.hikari.pool.HikariPool        : HikariPool-1 - Thread starvation or clock leap detected (housekeeper delta=45m52s727ms).
2021-07-26 09:59:48.864  INFO 9399 --- [SpringApplicationShutdownHook] j.LocalContainerEntityManagerFactoryBean : Closing JPA EntityManagerFactory for persistence unit 'default'
2021-07-26 09:59:48.872  INFO 9399 --- [SpringApplicationShutdownHook] com.zaxxer.hikari.HikariDataSource       : HikariPool-1 - Shutdown initiated...
2021-07-26 09:59:48.890  INFO 9399 --- [SpringApplicationShutdownHook] com.zaxxer.hikari.HikariDataSource       : HikariPool-1 - Shutdown completed.
2021-07-26 10:00:05.533  INFO 10136 --- [main] c.u.SpringBootRestServiceApplication     : Starting SpringBootRestServiceApplication using Java 11.0.11 on INKACTXM300.local with PID 10136 (/Users/utkarsh.mishra/Downloads/SpringBootRestService/target/classes started by utkarsh.mishra in /Users/utkarsh.mishra/Downloads/SpringBootRestService)
2021-07-26 10:00:05.536  INFO 10136 --- [main] c.u.SpringBootRestServiceApplication     : No active profile set, falling back to default profiles: default
2021-07-26 10:00:06.883  INFO 10136 --- [main] .s.d.r.c.RepositoryConfigurationDelegate : Bootstrapping Spring Data JPA repositories in DEFAULT mode.
2021-07-26 10:00:06.983  INFO 10136 --- [main] .s.d.r.c.RepositoryConfigurationDelegate : Finished Spring Data repository scanning in 85 ms. Found 1 JPA repository interfaces.
2021-07-26 10:00:07.809  INFO 10136 --- [main] o.s.b.w.embedded.tomcat.TomcatWebServer  : Tomcat initialized with port(s): 8080 (http)
2021-07-26 10:00:07.887  INFO 10136 --- [main] o.apache.catalina.core.StandardService   : Starting service [Tomcat]
2021-07-26 10:00:07.888  INFO 10136 --- [main] org.apache.catalina.core.StandardEngine  : Starting Servlet engine: [Apache Tomcat/9.0.48]
2021-07-26 10:00:08.013  INFO 10136 --- [main] o.a.c.c.C.[Tomcat].[localhost].[/]       : Initializing Spring embedded WebApplicationContext
2021-07-26 10:00:08.013  INFO 10136 --- [main] w.s.c.ServletWebServerApplicationContext : Root WebApplicationContext: initialization completed in 2275 ms
2021-07-26 10:00:08.308  INFO 10136 --- [main] o.hibernate.jpa.internal.util.LogHelper  : HHH000204: Processing PersistenceUnitInfo [name: default]
2021-07-26 10:00:08.346  INFO 10136 --- [main] org.hibernate.Version                    : HHH000412: Hibernate ORM core version 5.4.32.Final
2021-07-26 10:00:08.449  INFO 10136 --- [main] o.hibernate.annotations.common.Version   : HCANN000001: Hibernate Commons Annotations {5.1.2.Final}
2021-07-26 10:00:08.534  INFO 10136 --- [main] com.zaxxer.hikari.HikariDataSource       : HikariPool-1 - Starting...
2021-07-26 10:00:08.964  INFO 10136 --- [main] com.zaxxer.hikari.HikariDataSource       : HikariPool-1 - Start completed.
2021-07-26 10:00:08.983  INFO 10136 --- [main] org.hibernate.dialect.Dialect            : HHH000400: Using dialect: org.hibernate.dialect.MySQL5InnoDBDialect
2021-07-26 10:00:09.592  INFO 10136 --- [main] o.h.e.t.j.p.i.JtaPlatformInitiator       : HHH000490: Using JtaPlatform implementation: [org.hibernate.engine.transaction.jta.platform.internal.NoJtaPlatform]
2021-07-26 10:00:09.605  INFO 10136 --- [main] j.LocalContainerEntityManagerFactoryBean : Initialized JPA EntityManagerFactory for persistence unit 'default'
2021-07-26 10:00:10.220  WARN 10136 --- [main] JpaBaseConfiguration$JpaWebConfiguration : spring.jpa.open-in-view is enabled by default. Therefore, database queries may be performed during view rendering. Explicitly configure spring.jpa.open-in-view to disable this warning
2021-07-26 10:00:10.793  INFO 10136 --- [main] o.s.b.w.embedded.tomcat.TomcatWebServer  : Tomcat started on port(s): 8080 (http) with context path ''
2021-07-26 10:00:10.806  INFO 10136 --- [main] c.u.SpringBootRestServiceApplication     : Started SpringBootRestServiceApplication in 6.045 seconds (JVM running for 6.741)
2021-07-26 10:00:38.967  INFO 10136 --- [http-nio-8080-exec-2] o.a.c.c.C.[Tomcat].[localhost].[/]       : Initializing Spring DispatcherServlet 'dispatcherServlet'
2021-07-26 10:00:38.969  INFO 10136 --- [http-nio-8080-exec-2] o.s.web.servlet.DispatcherServlet        : Initializing Servlet 'dispatcherServlet'
2021-07-26 10:00:38.970  INFO 10136 --- [http-nio-8080-exec-2] o.s.web.servlet.DispatcherServlet        : Completed initialization in 1 ms
2021-07-26 10:00:39.177  INFO 10136 --- [http-nio-8080-exec-2] c.utkarsh.controller.LibraryController   : Book exist so skipping creation.
2021-07-26 10:01:30.729  INFO 10136 --- [http-nio-8080-exec-3] c.utkarsh.controller.LibraryController   : Book do not exist so creating one.
2021-07-26 10:07:59.283  INFO 10136 --- [SpringApplicationShutdownHook] j.LocalContainerEntityManagerFactoryBean : Closing JPA EntityManagerFactory for persistence unit 'default'
2021-07-26 10:07:59.291  INFO 10136 --- [SpringApplicationShutdownHook] com.zaxxer.hikari.HikariDataSource       : HikariPool-1 - Shutdown initiated...
2021-07-26 10:07:59.308  INFO 10136 --- [SpringApplicationShutdownHook] com.zaxxer.hikari.HikariDataSource       : HikariPool-1 - Shutdown completed.
2021-07-26 11:29:11.967  INFO 10332 --- [main] c.u.SpringBootRestServiceApplication     : Starting SpringBootRestServiceApplication using Java 11.0.11 on INKACTXM300.local with PID 10332 (/Users/utkarsh.mishra/Downloads/SpringBootRestService/target/classes started by utkarsh.mishra in /Users/utkarsh.mishra/Downloads/SpringBootRestService)
2021-07-26 11:29:11.974  INFO 10332 --- [main] c.u.SpringBootRestServiceApplication     : No active profile set, falling back to default profiles: default
2021-07-26 11:29:13.295  INFO 10332 --- [main] .s.d.r.c.RepositoryConfigurationDelegate : Bootstrapping Spring Data JPA repositories in DEFAULT mode.
2021-07-26 11:29:13.394  INFO 10332 --- [main] .s.d.r.c.RepositoryConfigurationDelegate : Finished Spring Data repository scanning in 81 ms. Found 1 JPA repository interfaces.
2021-07-26 11:29:14.195  INFO 10332 --- [main] o.s.b.w.embedded.tomcat.TomcatWebServer  : Tomcat initialized with port(s): 8080 (http)
2021-07-26 11:29:14.222  INFO 10332 --- [main] o.apache.catalina.core.StandardService   : Starting service [Tomcat]
2021-07-26 11:29:14.224  INFO 10332 --- [main] org.apache.catalina.core.StandardEngine  : Starting Servlet engine: [Apache Tomcat/9.0.48]
2021-07-26 11:29:14.379  INFO 10332 --- [main] o.a.c.c.C.[Tomcat].[localhost].[/]       : Initializing Spring embedded WebApplicationContext
2021-07-26 11:29:14.380  INFO 10332 --- [main] w.s.c.ServletWebServerApplicationContext : Root WebApplicationContext: initialization completed in 2208 ms
2021-07-26 11:29:14.669  INFO 10332 --- [main] o.hibernate.jpa.internal.util.LogHelper  : HHH000204: Processing PersistenceUnitInfo [name: default]
2021-07-26 11:29:14.710  INFO 10332 --- [main] org.hibernate.Version                    : HHH000412: Hibernate ORM core version 5.4.32.Final
2021-07-26 11:29:14.815  INFO 10332 --- [main] o.hibernate.annotations.common.Version   : HCANN000001: Hibernate Commons Annotations {5.1.2.Final}
2021-07-26 11:29:14.916  INFO 10332 --- [main] com.zaxxer.hikari.HikariDataSource       : HikariPool-1 - Starting...
2021-07-26 11:29:15.326  INFO 10332 --- [main] com.zaxxer.hikari.HikariDataSource       : HikariPool-1 - Start completed.
2021-07-26 11:29:15.345  INFO 10332 --- [main] org.hibernate.dialect.Dialect            : HHH000400: Using dialect: org.hibernate.dialect.MySQL5InnoDBDialect
2021-07-26 11:29:16.011  INFO 10332 --- [main] o.h.e.t.j.p.i.JtaPlatformInitiator       : HHH000490: Using JtaPlatform implementation: [org.hibernate.engine.transaction.jta.platform.internal.NoJtaPlatform]
2021-07-26 11:29:16.019  INFO 10332 --- [main] j.LocalContainerEntityManagerFactoryBean : Initialized JPA EntityManagerFactory for persistence unit 'default'
2021-07-26 11:29:16.651  WARN 10332 --- [main] JpaBaseConfiguration$JpaWebConfiguration : spring.jpa.open-in-view is enabled by default. Therefore, database queries may be performed during view rendering. Explicitly configure spring.jpa.open-in-view to disable this warning
2021-07-26 11:29:17.226  INFO 10332 --- [main] o.s.b.w.embedded.tomcat.TomcatWebServer  : Tomcat started on port(s): 8080 (http) with context path ''
2021-07-26 11:29:17.239  INFO 10332 --- [main] c.u.SpringBootRestServiceApplication     : Started SpringBootRestServiceApplication in 6.316 seconds (JVM running for 7.019)
2021-07-26 11:29:24.070  INFO 10332 --- [SpringApplicationShutdownHook] j.LocalContainerEntityManagerFactoryBean : Closing JPA EntityManagerFactory for persistence unit 'default'
2021-07-26 11:29:24.075  INFO 10332 --- [SpringApplicationShutdownHook] com.zaxxer.hikari.HikariDataSource       : HikariPool-1 - Shutdown initiated...
2021-07-26 11:29:24.094  INFO 10332 --- [SpringApplicationShutdownHook] com.zaxxer.hikari.HikariDataSource       : HikariPool-1 - Shutdown completed.
2021-07-26 11:32:55.099  INFO 10379 --- [main] c.u.SpringBootRestServiceApplication     : Starting SpringBootRestServiceApplication using Java 11.0.11 on INKACTXM300.local with PID 10379 (/Users/utkarsh.mishra/Downloads/SpringBootRestService/target/classes started by utkarsh.mishra in /Users/utkarsh.mishra/Downloads/SpringBootRestService)
2021-07-26 11:32:55.103  INFO 10379 --- [main] c.u.SpringBootRestServiceApplication     : No active profile set, falling back to default profiles: default
2021-07-26 11:32:56.415  INFO 10379 --- [main] .s.d.r.c.RepositoryConfigurationDelegate : Bootstrapping Spring Data JPA repositories in DEFAULT mode.
2021-07-26 11:32:56.502  INFO 10379 --- [main] .s.d.r.c.RepositoryConfigurationDelegate : Finished Spring Data repository scanning in 68 ms. Found 1 JPA repository interfaces.
2021-07-26 11:32:57.277  INFO 10379 --- [main] o.s.b.w.embedded.tomcat.TomcatWebServer  : Tomcat initialized with port(s): 8080 (http)
2021-07-26 11:32:57.348  INFO 10379 --- [main] o.apache.catalina.core.StandardService   : Starting service [Tomcat]
2021-07-26 11:32:57.349  INFO 10379 --- [main] org.apache.catalina.core.StandardEngine  : Starting Servlet engine: [Apache Tomcat/9.0.48]
2021-07-26 11:32:57.460  INFO 10379 --- [main] o.a.c.c.C.[Tomcat].[localhost].[/]       : Initializing Spring embedded WebApplicationContext
2021-07-26 11:32:57.461  INFO 10379 --- [main] w.s.c.ServletWebServerApplicationContext : Root WebApplicationContext: initialization completed in 2165 ms
2021-07-26 11:32:57.759  INFO 10379 --- [main] o.hibernate.jpa.internal.util.LogHelper  : HHH000204: Processing PersistenceUnitInfo [name: default]
2021-07-26 11:32:57.795  INFO 10379 --- [main] org.hibernate.Version                    : HHH000412: Hibernate ORM core version 5.4.32.Final
2021-07-26 11:32:57.894  INFO 10379 --- [main] o.hibernate.annotations.common.Version   : HCANN000001: Hibernate Commons Annotations {5.1.2.Final}
2021-07-26 11:32:57.978  INFO 10379 --- [main] com.zaxxer.hikari.HikariDataSource       : HikariPool-1 - Starting...
2021-07-26 11:32:58.376  INFO 10379 --- [main] com.zaxxer.hikari.HikariDataSource       : HikariPool-1 - Start completed.
2021-07-26 11:32:58.391  INFO 10379 --- [main] org.hibernate.dialect.Dialect            : HHH000400: Using dialect: org.hibernate.dialect.MySQL5InnoDBDialect
2021-07-26 11:32:59.070  INFO 10379 --- [main] o.h.e.t.j.p.i.JtaPlatformInitiator       : HHH000490: Using JtaPlatform implementation: [org.hibernate.engine.transaction.jta.platform.internal.NoJtaPlatform]
2021-07-26 11:32:59.087  INFO 10379 --- [main] j.LocalContainerEntityManagerFactoryBean : Initialized JPA EntityManagerFactory for persistence unit 'default'
2021-07-26 11:32:59.735  WARN 10379 --- [main] JpaBaseConfiguration$JpaWebConfiguration : spring.jpa.open-in-view is enabled by default. Therefore, database queries may be performed during view rendering. Explicitly configure spring.jpa.open-in-view to disable this warning
2021-07-26 11:33:00.238  INFO 10379 --- [main] o.s.b.w.embedded.tomcat.TomcatWebServer  : Tomcat started on port(s): 8080 (http) with context path ''
2021-07-26 11:33:00.251  INFO 10379 --- [main] c.u.SpringBootRestServiceApplication     : Started SpringBootRestServiceApplication in 5.947 seconds (JVM running for 6.651)
2021-07-26 11:33:07.486  INFO 10379 --- [SpringApplicationShutdownHook] j.LocalContainerEntityManagerFactoryBean : Closing JPA EntityManagerFactory for persistence unit 'default'
2021-07-26 11:33:07.492  INFO 10379 --- [SpringApplicationShutdownHook] com.zaxxer.hikari.HikariDataSource       : HikariPool-1 - Shutdown initiated...
2021-07-26 11:33:07.511  INFO 10379 --- [SpringApplicationShutdownHook] com.zaxxer.hikari.HikariDataSource       : HikariPool-1 - Shutdown completed.
2021-07-26 11:41:57.941  INFO 10413 --- [main] c.u.SpringBootRestServiceApplication     : Starting SpringBootRestServiceApplication using Java 11.0.11 on INKACTXM300.local with PID 10413 (/Users/utkarsh.mishra/Downloads/SpringBootRestService/target/classes started by utkarsh.mishra in /Users/utkarsh.mishra/Downloads/SpringBootRestService)
2021-07-26 11:41:57.944  INFO 10413 --- [main] c.u.SpringBootRestServiceApplication     : No active profile set, falling back to default profiles: default
2021-07-26 11:41:59.259  INFO 10413 --- [main] .s.d.r.c.RepositoryConfigurationDelegate : Bootstrapping Spring Data JPA repositories in DEFAULT mode.
2021-07-26 11:41:59.358  INFO 10413 --- [main] .s.d.r.c.RepositoryConfigurationDelegate : Finished Spring Data repository scanning in 83 ms. Found 1 JPA repository interfaces.
2021-07-26 11:42:00.214  INFO 10413 --- [main] o.s.b.w.embedded.tomcat.TomcatWebServer  : Tomcat initialized with port(s): 8080 (http)
2021-07-26 11:42:00.299  INFO 10413 --- [main] o.apache.catalina.core.StandardService   : Starting service [Tomcat]
2021-07-26 11:42:00.300  INFO 10413 --- [main] org.apache.catalina.core.StandardEngine  : Starting Servlet engine: [Apache Tomcat/9.0.48]
2021-07-26 11:42:00.406  INFO 10413 --- [main] o.a.c.c.C.[Tomcat].[localhost].[/]       : Initializing Spring embedded WebApplicationContext
2021-07-26 11:42:00.406  INFO 10413 --- [main] w.s.c.ServletWebServerApplicationContext : Root WebApplicationContext: initialization completed in 2254 ms
2021-07-26 11:42:00.688  INFO 10413 --- [main] o.hibernate.jpa.internal.util.LogHelper  : HHH000204: Processing PersistenceUnitInfo [name: default]
2021-07-26 11:42:00.723  INFO 10413 --- [main] org.hibernate.Version                    : HHH000412: Hibernate ORM core version 5.4.32.Final
2021-07-26 11:42:00.822  INFO 10413 --- [main] o.hibernate.annotations.common.Version   : HCANN000001: Hibernate Commons Annotations {5.1.2.Final}
2021-07-26 11:42:00.917  INFO 10413 --- [main] com.zaxxer.hikari.HikariDataSource       : HikariPool-1 - Starting...
2021-07-26 11:42:01.322  INFO 10413 --- [main] com.zaxxer.hikari.HikariDataSource       : HikariPool-1 - Start completed.
2021-07-26 11:42:01.341  INFO 10413 --- [main] org.hibernate.dialect.Dialect            : HHH000400: Using dialect: org.hibernate.dialect.MySQL5InnoDBDialect
2021-07-26 11:42:02.016  INFO 10413 --- [main] o.h.e.t.j.p.i.JtaPlatformInitiator       : HHH000490: Using JtaPlatform implementation: [org.hibernate.engine.transaction.jta.platform.internal.NoJtaPlatform]
2021-07-26 11:42:02.026  INFO 10413 --- [main] j.LocalContainerEntityManagerFactoryBean : Initialized JPA EntityManagerFactory for persistence unit 'default'
2021-07-26 11:42:02.689  WARN 10413 --- [main] JpaBaseConfiguration$JpaWebConfiguration : spring.jpa.open-in-view is enabled by default. Therefore, database queries may be performed during view rendering. Explicitly configure spring.jpa.open-in-view to disable this warning
2021-07-26 11:42:03.231  WARN 10413 --- [main] ConfigServletWebServerApplicationContext : Exception encountered during context initialization - cancelling refresh attempt: org.springframework.context.ApplicationContextException: Failed to start bean 'webServerStartStop'; nested exception is org.springframework.boot.web.server.PortInUseException: Port 8080 is already in use
2021-07-26 11:42:03.234  INFO 10413 --- [main] j.LocalContainerEntityManagerFactoryBean : Closing JPA EntityManagerFactory for persistence unit 'default'
2021-07-26 11:42:03.236  INFO 10413 --- [main] com.zaxxer.hikari.HikariDataSource       : HikariPool-1 - Shutdown initiated...
2021-07-26 11:42:03.260  INFO 10413 --- [main] com.zaxxer.hikari.HikariDataSource       : HikariPool-1 - Shutdown completed.
2021-07-26 11:42:03.264  INFO 10413 --- [main] o.apache.catalina.core.StandardService   : Stopping service [Tomcat]
2021-07-26 11:42:03.280  INFO 10413 --- [main] ConditionEvaluationReportLoggingListener : 

Error starting ApplicationContext. To display the conditions report re-run your application with 'debug' enabled.
2021-07-26 11:42:03.292 ERROR 10413 --- [main] o.s.b.d.LoggingFailureAnalysisReporter   : 

***************************
APPLICATION FAILED TO START
***************************

Description:

Web server failed to start. Port 8080 was already in use.

Action:

Identify and stop the process that's listening on port 8080 or configure this application to listen on another port.

2021-07-26 11:42:24.858  INFO 10417 --- [main] c.u.SpringBootRestServiceApplication     : Starting SpringBootRestServiceApplication using Java 11.0.11 on INKACTXM300.local with PID 10417 (/Users/utkarsh.mishra/Downloads/SpringBootRestService/target/classes started by utkarsh.mishra in /Users/utkarsh.mishra/Downloads/SpringBootRestService)
2021-07-26 11:42:24.861  INFO 10417 --- [main] c.u.SpringBootRestServiceApplication     : No active profile set, falling back to default profiles: default
2021-07-26 11:42:26.171  INFO 10417 --- [main] .s.d.r.c.RepositoryConfigurationDelegate : Bootstrapping Spring Data JPA repositories in DEFAULT mode.
2021-07-26 11:42:26.260  INFO 10417 --- [main] .s.d.r.c.RepositoryConfigurationDelegate : Finished Spring Data repository scanning in 73 ms. Found 1 JPA repository interfaces.
2021-07-26 11:42:27.018  INFO 10417 --- [main] o.s.b.w.embedded.tomcat.TomcatWebServer  : Tomcat initialized with port(s): 8080 (http)
2021-07-26 11:42:27.091  INFO 10417 --- [main] o.apache.catalina.core.StandardService   : Starting service [Tomcat]
2021-07-26 11:42:27.092  INFO 10417 --- [main] org.apache.catalina.core.StandardEngine  : Starting Servlet engine: [Apache Tomcat/9.0.48]
2021-07-26 11:42:27.194  INFO 10417 --- [main] o.a.c.c.C.[Tomcat].[localhost].[/]       : Initializing Spring embedded WebApplicationContext
2021-07-26 11:42:27.194  INFO 10417 --- [main] w.s.c.ServletWebServerApplicationContext : Root WebApplicationContext: initialization completed in 2148 ms
2021-07-26 11:42:27.468  INFO 10417 --- [main] o.hibernate.jpa.internal.util.LogHelper  : HHH000204: Processing PersistenceUnitInfo [name: default]
2021-07-26 11:42:27.502  INFO 10417 --- [main] org.hibernate.Version                    : HHH000412: Hibernate ORM core version 5.4.32.Final
2021-07-26 11:42:27.601  INFO 10417 --- [main] o.hibernate.annotations.common.Version   : HCANN000001: Hibernate Commons Annotations {5.1.2.Final}
2021-07-26 11:42:27.690  INFO 10417 --- [main] com.zaxxer.hikari.HikariDataSource       : HikariPool-1 - Starting...
2021-07-26 11:42:28.095  INFO 10417 --- [main] com.zaxxer.hikari.HikariDataSource       : HikariPool-1 - Start completed.
2021-07-26 11:42:28.108  INFO 10417 --- [main] org.hibernate.dialect.Dialect            : HHH000400: Using dialect: org.hibernate.dialect.MySQL5InnoDBDialect
2021-07-26 11:42:28.749  INFO 10417 --- [main] o.h.e.t.j.p.i.JtaPlatformInitiator       : HHH000490: Using JtaPlatform implementation: [org.hibernate.engine.transaction.jta.platform.internal.NoJtaPlatform]
2021-07-26 11:42:28.760  INFO 10417 --- [main] j.LocalContainerEntityManagerFactoryBean : Initialized JPA EntityManagerFactory for persistence unit 'default'
2021-07-26 11:42:29.350  WARN 10417 --- [main] JpaBaseConfiguration$JpaWebConfiguration : spring.jpa.open-in-view is enabled by default. Therefore, database queries may be performed during view rendering. Explicitly configure spring.jpa.open-in-view to disable this warning
2021-07-26 11:42:29.974  INFO 10417 --- [main] o.s.b.w.embedded.tomcat.TomcatWebServer  : Tomcat started on port(s): 8080 (http) with context path ''
2021-07-26 11:42:29.988  INFO 10417 --- [main] c.u.SpringBootRestServiceApplication     : Started SpringBootRestServiceApplication in 5.914 seconds (JVM running for 6.596)
2021-07-26 11:43:12.022  INFO 10417 --- [SpringApplicationShutdownHook] j.LocalContainerEntityManagerFactoryBean : Closing JPA EntityManagerFactory for persistence unit 'default'
2021-07-26 11:43:12.030  INFO 10417 --- [SpringApplicationShutdownHook] com.zaxxer.hikari.HikariDataSource       : HikariPool-1 - Shutdown initiated...
2021-07-26 11:43:12.050  INFO 10417 --- [SpringApplicationShutdownHook] com.zaxxer.hikari.HikariDataSource       : HikariPool-1 - Shutdown completed.
2021-07-26 13:01:31.094  INFO 10858 --- [main] c.u.SpringBootRestServiceApplication     : Starting SpringBootRestServiceApplication using Java 11.0.11 on INKACTXM300.local with PID 10858 (/Users/utkarsh.mishra/Downloads/SpringBootRestService/target/classes started by utkarsh.mishra in /Users/utkarsh.mishra/Downloads/SpringBootRestService)
2021-07-26 13:01:31.096  INFO 10858 --- [main] c.u.SpringBootRestServiceApplication     : No active profile set, falling back to default profiles: default
2021-07-26 13:01:32.470  INFO 10858 --- [main] .s.d.r.c.RepositoryConfigurationDelegate : Bootstrapping Spring Data JPA repositories in DEFAULT mode.
2021-07-26 13:01:32.569  INFO 10858 --- [main] .s.d.r.c.RepositoryConfigurationDelegate : Finished Spring Data repository scanning in 86 ms. Found 1 JPA repository interfaces.
2021-07-26 13:01:33.393  INFO 10858 --- [main] o.s.b.w.embedded.tomcat.TomcatWebServer  : Tomcat initialized with port(s): 8080 (http)
2021-07-26 13:01:33.462  INFO 10858 --- [main] o.apache.catalina.core.StandardService   : Starting service [Tomcat]
2021-07-26 13:01:33.463  INFO 10858 --- [main] org.apache.catalina.core.StandardEngine  : Starting Servlet engine: [Apache Tomcat/9.0.48]
2021-07-26 13:01:33.575  INFO 10858 --- [main] o.a.c.c.C.[Tomcat].[localhost].[/]       : Initializing Spring embedded WebApplicationContext
2021-07-26 13:01:33.576  INFO 10858 --- [main] w.s.c.ServletWebServerApplicationContext : Root WebApplicationContext: initialization completed in 2262 ms
2021-07-26 13:01:33.902  INFO 10858 --- [main] o.hibernate.jpa.internal.util.LogHelper  : HHH000204: Processing PersistenceUnitInfo [name: default]
2021-07-26 13:01:33.941  INFO 10858 --- [main] org.hibernate.Version                    : HHH000412: Hibernate ORM core version 5.4.32.Final
2021-07-26 13:01:34.063  INFO 10858 --- [main] o.hibernate.annotations.common.Version   : HCANN000001: Hibernate Commons Annotations {5.1.2.Final}
2021-07-26 13:01:34.139  INFO 10858 --- [main] com.zaxxer.hikari.HikariDataSource       : HikariPool-1 - Starting...
2021-07-26 13:01:34.527  INFO 10858 --- [main] com.zaxxer.hikari.HikariDataSource       : HikariPool-1 - Start completed.
2021-07-26 13:01:34.546  INFO 10858 --- [main] org.hibernate.dialect.Dialect            : HHH000400: Using dialect: org.hibernate.dialect.MySQL5InnoDBDialect
2021-07-26 13:01:35.242  INFO 10858 --- [main] o.h.e.t.j.p.i.JtaPlatformInitiator       : HHH000490: Using JtaPlatform implementation: [org.hibernate.engine.transaction.jta.platform.internal.NoJtaPlatform]
2021-07-26 13:01:35.254  INFO 10858 --- [main] j.LocalContainerEntityManagerFactoryBean : Initialized JPA EntityManagerFactory for persistence unit 'default'
2021-07-26 13:01:35.904  WARN 10858 --- [main] JpaBaseConfiguration$JpaWebConfiguration : spring.jpa.open-in-view is enabled by default. Therefore, database queries may be performed during view rendering. Explicitly configure spring.jpa.open-in-view to disable this warning
2021-07-26 13:01:36.466  INFO 10858 --- [main] o.s.b.w.embedded.tomcat.TomcatWebServer  : Tomcat started on port(s): 8080 (http) with context path ''
2021-07-26 13:01:36.479  INFO 10858 --- [main] c.u.SpringBootRestServiceApplication     : Started SpringBootRestServiceApplication in 6.153 seconds (JVM running for 6.839)
2021-07-26 13:01:40.334  INFO 10858 --- [SpringApplicationShutdownHook] j.LocalContainerEntityManagerFactoryBean : Closing JPA EntityManagerFactory for persistence unit 'default'
2021-07-26 13:01:40.339  INFO 10858 --- [SpringApplicationShutdownHook] com.zaxxer.hikari.HikariDataSource       : HikariPool-1 - Shutdown initiated...
2021-07-26 13:01:40.357  INFO 10858 --- [SpringApplicationShutdownHook] com.zaxxer.hikari.HikariDataSource       : HikariPool-1 - Shutdown completed.
2021-07-26 15:00:13.651  INFO 1317 --- [main] c.u.SpringBootRestServiceApplication     : Starting SpringBootRestServiceApplication using Java 11.0.11 on INKACTXM300.local with PID 1317 (/Users/utkarsh.mishra/Downloads/SpringBootRestService/target/classes started by utkarsh.mishra in /Users/utkarsh.mishra/Downloads/SpringBootRestService)
2021-07-26 15:00:13.656  INFO 1317 --- [main] c.u.SpringBootRestServiceApplication     : No active profile set, falling back to default profiles: default
2021-07-26 15:00:15.074  INFO 1317 --- [main] .s.d.r.c.RepositoryConfigurationDelegate : Bootstrapping Spring Data JPA repositories in DEFAULT mode.
2021-07-26 15:00:15.156  INFO 1317 --- [main] .s.d.r.c.RepositoryConfigurationDelegate : Finished Spring Data repository scanning in 70 ms. Found 1 JPA repository interfaces.
2021-07-26 15:00:15.972  INFO 1317 --- [main] o.s.b.w.embedded.tomcat.TomcatWebServer  : Tomcat initialized with port(s): 8080 (http)
2021-07-26 15:00:16.038  INFO 1317 --- [main] o.apache.catalina.core.StandardService   : Starting service [Tomcat]
2021-07-26 15:00:16.039  INFO 1317 --- [main] org.apache.catalina.core.StandardEngine  : Starting Servlet engine: [Apache Tomcat/9.0.48]
2021-07-26 15:00:16.163  INFO 1317 --- [main] o.a.c.c.C.[Tomcat].[localhost].[/]       : Initializing Spring embedded WebApplicationContext
2021-07-26 15:00:16.164  INFO 1317 --- [main] w.s.c.ServletWebServerApplicationContext : Root WebApplicationContext: initialization completed in 2239 ms
2021-07-26 15:00:16.467  INFO 1317 --- [main] o.hibernate.jpa.internal.util.LogHelper  : HHH000204: Processing PersistenceUnitInfo [name: default]
2021-07-26 15:00:16.518  INFO 1317 --- [main] org.hibernate.Version                    : HHH000412: Hibernate ORM core version 5.4.32.Final
2021-07-26 15:00:16.647  INFO 1317 --- [main] o.hibernate.annotations.common.Version   : HCANN000001: Hibernate Commons Annotations {5.1.2.Final}
2021-07-26 15:00:16.725  INFO 1317 --- [main] com.zaxxer.hikari.HikariDataSource       : HikariPool-1 - Starting...
2021-07-26 15:00:17.232  INFO 1317 --- [main] com.zaxxer.hikari.HikariDataSource       : HikariPool-1 - Start completed.
2021-07-26 15:00:17.249  INFO 1317 --- [main] org.hibernate.dialect.Dialect            : HHH000400: Using dialect: org.hibernate.dialect.MySQL5InnoDBDialect
2021-07-26 15:00:17.882  INFO 1317 --- [main] o.h.e.t.j.p.i.JtaPlatformInitiator       : HHH000490: Using JtaPlatform implementation: [org.hibernate.engine.transaction.jta.platform.internal.NoJtaPlatform]
2021-07-26 15:00:17.890  INFO 1317 --- [main] j.LocalContainerEntityManagerFactoryBean : Initialized JPA EntityManagerFactory for persistence unit 'default'
2021-07-26 15:00:18.475  WARN 1317 --- [main] JpaBaseConfiguration$JpaWebConfiguration : spring.jpa.open-in-view is enabled by default. Therefore, database queries may be performed during view rendering. Explicitly configure spring.jpa.open-in-view to disable this warning
2021-07-26 15:00:19.014  INFO 1317 --- [main] o.s.b.w.embedded.tomcat.TomcatWebServer  : Tomcat started on port(s): 8080 (http) with context path ''
2021-07-26 15:00:19.026  INFO 1317 --- [main] c.u.SpringBootRestServiceApplication     : Started SpringBootRestServiceApplication in 6.243 seconds (JVM running for 7.065)
2021-07-26 15:00:35.826  INFO 1317 --- [http-nio-8080-exec-1] o.a.c.c.C.[Tomcat].[localhost].[/]       : Initializing Spring DispatcherServlet 'dispatcherServlet'
2021-07-26 15:00:35.828  INFO 1317 --- [http-nio-8080-exec-1] o.s.web.servlet.DispatcherServlet        : Initializing Servlet 'dispatcherServlet'
2021-07-26 15:00:35.840  INFO 1317 --- [http-nio-8080-exec-1] o.s.web.servlet.DispatcherServlet        : Completed initialization in 12 ms
2021-07-26 15:00:36.020  INFO 1317 --- [http-nio-8080-exec-1] c.utkarsh.controller.LibraryController   : Book do not exist so creating one.
2021-07-26 15:01:09.369  INFO 1317 --- [SpringApplicationShutdownHook] j.LocalContainerEntityManagerFactoryBean : Closing JPA EntityManagerFactory for persistence unit 'default'
2021-07-26 15:01:09.374  INFO 1317 --- [SpringApplicationShutdownHook] com.zaxxer.hikari.HikariDataSource       : HikariPool-1 - Shutdown initiated...
2021-07-26 15:01:09.390  INFO 1317 --- [SpringApplicationShutdownHook] com.zaxxer.hikari.HikariDataSource       : HikariPool-1 - Shutdown completed.
